<?xml version="1.0" encoding="UTF-8"?>
<!-- Generated by org.testng.reporters.JUnitXMLReporter -->
<testsuite hostname="Vast" failures="1" tests="1" name="Testing" time="5.425" errors="0" timestamp="25 Jun 2021 09:42:20 GMT">
  <testcase classname="com.sdet.testcases.RepositoryFetching" name="RepositoryFetching" time="5.393">
    <failure type="java.lang.NullPointerException" message="Cannot invoke &amp;quot;java.lang.Comparable.compareTo(Object)&amp;quot; because &amp;quot;pivot&amp;quot; is null">
      <![CDATA[java.lang.NullPointerException: Cannot invoke "java.lang.Comparable.compareTo(Object)" because "pivot" is null
	at java.base/java.util.ComparableTimSort.binarySort(ComparableTimSort.java:262)
	at java.base/java.util.ComparableTimSort.sort(ComparableTimSort.java:189)
	at java.base/java.util.Arrays.sort(Arrays.java:1106)
	at java.base/java.util.Arrays.sort(Arrays.java:1300)
	at java.base/java.util.ArrayList.sort(ArrayList.java:1720)
	at java.base/java.util.Collections.sort(Collections.java:145)
	at com.sdet.pages.repoListUI.FetchRepoName(repoListUI.java:67)
	at com.sdet.testcases.RepositoryFetching.RepositoryFetching(RepositoryFetching.java:25)
	at java.base/jdk.internal.reflect.NativeMethodAccessorImpl.invoke0(Native Method)
	at java.base/jdk.internal.reflect.NativeMethodAccessorImpl.invoke(NativeMethodAccessorImpl.java:62)
	at java.base/jdk.internal.reflect.DelegatingMethodAccessorImpl.invoke(DelegatingMethodAccessorImpl.java:43)
	at java.base/java.lang.reflect.Method.invoke(Method.java:564)
	at org.testng.internal.MethodInvocationHelper.invokeMethod(MethodInvocationHelper.java:80)
	at org.testng.internal.Invoker.invokeMethod(Invoker.java:714)
	at org.testng.internal.Invoker.invokeTestMethod(Invoker.java:901)
	at org.testng.internal.Invoker.invokeTestMethods(Invoker.java:1231)
	at org.testng.internal.TestMethodWorker.invokeTestMethods(TestMethodWorker.java:127)
	at org.testng.internal.TestMethodWorker.run(TestMethodWorker.java:111)
	at java.base/java.util.concurrent.ThreadPoolExecutor.runWorker(ThreadPoolExecutor.java:1130)
	at java.base/java.util.concurrent.ThreadPoolExecutor$Worker.run(ThreadPoolExecutor.java:630)
	at java.base/java.lang.Thread.run(Thread.java:832)
]]>
    </failure>
  </testcase> <!-- RepositoryFetching -->
</testsuite> <!-- Testing -->
