<?xml version="1.0" encoding="UTF-8"?>
<testng-results total="1" passed="0" failed="1" skipped="0">
  <reporter-output>
  </reporter-output>
  <suite started-at="2021-06-28T03:19:05Z" name="RegressionSuite" finished-at="2021-06-28T03:19:12Z" duration-ms="7275">
    <groups>
    </groups>
    <test started-at="2021-06-28T03:19:05Z" name="Testing" finished-at="2021-06-28T03:19:12Z" duration-ms="7275">
      <class name="com.sdet.testcases.RepositoryFetching">
        <test-method is-config="true" signature="setUp()[pri:0, instance:com.sdet.testcases.RepositoryFetching@6107227e]" started-at="2021-06-28T08:48:56Z" name="setUp" finished-at="2021-06-28T08:49:05Z" duration-ms="8980" status="PASS">
          <reporter-output>
          </reporter-output>
        </test-method> <!-- setUp -->
        <test-method signature="RepositoryFetching()[pri:0, instance:com.sdet.testcases.RepositoryFetching@6107227e]" started-at="2021-06-28T08:49:05Z" name="RepositoryFetching" finished-at="2021-06-28T08:49:12Z" duration-ms="7251" status="FAIL">
          <exception class="java.lang.NullPointerException">
            <message>
              <![CDATA[Cannot invoke "java.lang.Comparable.compareTo(Object)" because "pivot" is null]]>
            </message>
            <full-stacktrace>
              <![CDATA[java.lang.NullPointerException: Cannot invoke "java.lang.Comparable.compareTo(Object)" because "pivot" is null
	at java.base/java.util.ComparableTimSort.binarySort(ComparableTimSort.java:262)
	at java.base/java.util.ComparableTimSort.sort(ComparableTimSort.java:189)
	at java.base/java.util.Arrays.sort(Arrays.java:1106)
	at java.base/java.util.Arrays.sort(Arrays.java:1300)
	at java.base/java.util.ArrayList.sort(ArrayList.java:1720)
	at java.base/java.util.Collections.sort(Collections.java:145)
	at com.sdet.pages.repoListUI.FetchRepoName(repoListUI.java:67)
	at com.sdet.testcases.RepositoryFetching.RepositoryFetching(RepositoryFetching.java:25)
	at java.base/jdk.internal.reflect.NativeMethodAccessorImpl.invoke0(Native Method)
	at java.base/jdk.internal.reflect.NativeMethodAccessorImpl.invoke(NativeMethodAccessorImpl.java:62)
	at java.base/jdk.internal.reflect.DelegatingMethodAccessorImpl.invoke(DelegatingMethodAccessorImpl.java:43)
	at java.base/java.lang.reflect.Method.invoke(Method.java:564)
	at org.testng.internal.MethodInvocationHelper.invokeMethod(MethodInvocationHelper.java:80)
	at org.testng.internal.Invoker.invokeMethod(Invoker.java:714)
	at org.testng.internal.Invoker.invokeTestMethod(Invoker.java:901)
	at org.testng.internal.Invoker.invokeTestMethods(Invoker.java:1231)
	at org.testng.internal.TestMethodWorker.invokeTestMethods(TestMethodWorker.java:127)
	at org.testng.internal.TestMethodWorker.run(TestMethodWorker.java:111)
	at java.base/java.util.concurrent.ThreadPoolExecutor.runWorker(ThreadPoolExecutor.java:1130)
	at java.base/java.util.concurrent.ThreadPoolExecutor$Worker.run(ThreadPoolExecutor.java:630)
	at java.base/java.lang.Thread.run(Thread.java:832)
]]>
            </full-stacktrace>
          </exception> <!-- java.lang.NullPointerException -->
          <reporter-output>
          </reporter-output>
        </test-method> <!-- RepositoryFetching -->
        <test-method is-config="true" signature="tearDown()[pri:0, instance:com.sdet.testcases.RepositoryFetching@6107227e]" started-at="2021-06-28T08:49:13Z" name="tearDown" finished-at="2021-06-28T08:49:13Z" duration-ms="444" status="PASS">
          <reporter-output>
          </reporter-output>
        </test-method> <!-- tearDown -->
      </class> <!-- com.sdet.testcases.RepositoryFetching -->
    </test> <!-- Testing -->
  </suite> <!-- RegressionSuite -->
</testng-results>
